# JRE version: Java(TM) SE Runtime Environment (17.0.11+7) (build 17.0.11+7-LTS-207)
# Java VM: Java HotSpot(TM) 64-Bit Server VM (17.0.11+7-LTS-207, mixed mode, sharing, tiered, compressed oops, compressed class ptrs, g1 gc, windows-amd64)
GC Precious Log:
 CPUs: 24 total, 24 available
 Memory: 16060M
 Large Page Support: Disabled
 NUMA Support: Disabled
 Compressed Oops: Enabled (32-bit)
 Heap Region Size: 1M
 Heap Min Capacity: 256M
 Heap Initial Capacity: 256M
 Heap Max Capacity: 512M
 Pre-touch: Disabled
 Parallel Workers: 18
 Concurrent Workers: 5
 Concurrent Refinement Workers: 18
 Periodic GC: Disabled
Heap:
 garbage-first heap   total 262144K, used 88656K [0x00000000e0000000, 0x0000000100000000)
  region size 1024K, 75 young (76800K), 12 survivors (12288K)
 Metaspace       used 29084K, committed 29504K, reserved 393216K
  class space    used 4348K, committed 4544K, reserved 327680K
GC Heap History (8 events):
Event: 0.214 GC heap before
{Heap before GC invocations=0 (full 0):
 garbage-first heap   total 262144K, used 22528K [0x00000000e0000000, 0x0000000100000000)
  region size 1024K, 23 young (23552K), 0 survivors (0K)
 Metaspace       used 1134K, committed 1280K, reserved 393216K
  class space    used 77K, committed 128K, reserved 327680K
}
Event: 0.216 GC heap after
{Heap after GC invocations=1 (full 0):
 garbage-first heap   total 262144K, used 3874K [0x00000000e0000000, 0x0000000100000000)
  region size 1024K, 3 young (3072K), 3 survivors (3072K)
 Metaspace       used 1134K, committed 1280K, reserved 393216K
  class space    used 77K, committed 128K, reserved 327680K
}
Event: 0.486 GC heap before
{Heap before GC invocations=1 (full 0):
 garbage-first heap   total 262144K, used 39714K [0x00000000e0000000, 0x0000000100000000)
  region size 1024K, 34 young (34816K), 3 survivors (3072K)
 Metaspace       used 4475K, committed 4672K, reserved 393216K
  class space    used 547K, committed 640K, reserved 327680K
}
Event: 0.488 GC heap after
{Heap after GC invocations=2 (full 0):
 garbage-first heap   total 262144K, used 12323K [0x00000000e0000000, 0x0000000100000000)
  region size 1024K, 5 young (5120K), 5 survivors (5120K)
 Metaspace       used 4475K, committed 4672K, reserved 393216K
  class space    used 547K, committed 640K, reserved 327680K
}
Event: 0.687 GC heap before
{Heap before GC invocations=2 (full 0):
 garbage-first heap   total 262144K, used 60451K [0x00000000e0000000, 0x0000000100000000)
  region size 1024K, 50 young (51200K), 5 survivors (5120K)
 Metaspace       used 4788K, committed 4992K, reserved 393216K
  class space    used 597K, committed 704K, reserved 327680K
}
Event: 0.689 GC heap after
{Heap after GC invocations=3 (full 0):
 garbage-first heap   total 262144K, used 17756K [0x00000000e0000000, 0x0000000100000000)
  region size 1024K, 5 young (5120K), 5 survivors (5120K)
 Metaspace       used 4788K, committed 4992K, reserved 393216K
  class space    used 597K, committed 704K, reserved 327680K
}
Event: 1.600 GC heap before
{Heap before GC invocations=3 (full 0):
 garbage-first heap   total 262144K, used 123228K [0x00000000e0000000, 0x0000000100000000)
  region size 1024K, 109 young (111616K), 5 survivors (5120K)
 Metaspace       used 21200K, committed 21504K, reserved 393216K
  class space    used 3078K, committed 3264K, reserved 327680K
}
Event: 1.607 GC heap after
{Heap after GC invocations=4 (full 0):
 garbage-first heap   total 262144K, used 25168K [0x00000000e0000000, 0x0000000100000000)
  region size 1024K, 12 young (12288K), 12 survivors (12288K)
 Metaspace       used 21200K, committed 21504K, reserved 393216K
  class space    used 3078K, committed 3264K, reserved 327680K
}

