# JRE version: Java(TM) SE Runtime Environment (17.0.11+7) (build 17.0.11+7-LTS-207)
# Java VM: Java HotSpot(TM) 64-Bit Server VM (17.0.11+7-LTS-207, mixed mode, sharing, tiered, compressed oops, compressed class ptrs, g1 gc, windows-amd64)
GC Precious Log:
 CPUs: 24 total, 24 available
 Memory: 16060M
 Large Page Support: Disabled
 NUMA Support: Disabled
 Compressed Oops: Enabled (32-bit)
 Heap Region Size: 1M
 Heap Min Capacity: 256M
 Heap Initial Capacity: 256M
 Heap Max Capacity: 512M
 Pre-touch: Disabled
 Parallel Workers: 18
 Concurrent Workers: 5
 Concurrent Refinement Workers: 18
 Periodic GC: Disabled
Heap:
 garbage-first heap   total 262144K, used 90091K [0x00000000e0000000, 0x0000000100000000)
  region size 1024K, 38 young (38912K), 11 survivors (11264K)
 Metaspace       used 59431K, committed 60160K, reserved 393216K
  class space    used 8179K, committed 8512K, reserved 327680K
GC Heap History (20 events):
Event: 0.294 GC heap before
{Heap before GC invocations=0 (full 0):
 garbage-first heap   total 262144K, used 22528K [0x00000000e0000000, 0x0000000100000000)
  region size 1024K, 23 young (23552K), 0 survivors (0K)
 Metaspace       used 1131K, committed 1280K, reserved 393216K
  class space    used 77K, committed 128K, reserved 327680K
}
Event: 0.297 GC heap after
{Heap after GC invocations=1 (full 0):
 garbage-first heap   total 262144K, used 4686K [0x00000000e0000000, 0x0000000100000000)
  region size 1024K, 3 young (3072K), 3 survivors (3072K)
 Metaspace       used 1131K, committed 1280K, reserved 393216K
  class space    used 77K, committed 128K, reserved 327680K
}
Event: 0.656 GC heap before
{Heap before GC invocations=1 (full 0):
 garbage-first heap   total 262144K, used 39502K [0x00000000e0000000, 0x0000000100000000)
  region size 1024K, 33 young (33792K), 3 survivors (3072K)
 Metaspace       used 4473K, committed 4672K, reserved 393216K
  class space    used 547K, committed 640K, reserved 327680K
}
Event: 0.659 GC heap after
{Heap after GC invocations=2 (full 0):
 garbage-first heap   total 262144K, used 12459K [0x00000000e0000000, 0x0000000100000000)
  region size 1024K, 4 young (4096K), 4 survivors (4096K)
 Metaspace       used 4473K, committed 4672K, reserved 393216K
  class space    used 547K, committed 640K, reserved 327680K
}
Event: 1.196 GC heap before
{Heap before GC invocations=2 (full 0):
 garbage-first heap   total 262144K, used 75947K [0x00000000e0000000, 0x0000000100000000)
  region size 1024K, 64 young (65536K), 4 survivors (4096K)
 Metaspace       used 8070K, committed 8320K, reserved 393216K
  class space    used 1077K, committed 1216K, reserved 327680K
}
Event: 1.200 GC heap after
{Heap after GC invocations=3 (full 0):
 garbage-first heap   total 262144K, used 19579K [0x00000000e0000000, 0x0000000100000000)
  region size 1024K, 8 young (8192K), 8 survivors (8192K)
 Metaspace       used 8070K, committed 8320K, reserved 393216K
  class space    used 1077K, committed 1216K, reserved 327680K
}
Event: 2.967 GC heap before
{Heap before GC invocations=3 (full 0):
 garbage-first heap   total 262144K, used 111739K [0x00000000e0000000, 0x0000000100000000)
  region size 1024K, 99 young (101376K), 8 survivors (8192K)
 Metaspace       used 21142K, committed 21504K, reserved 393216K
  class space    used 3063K, committed 3264K, reserved 327680K
}
Event: 2.973 GC heap after
{Heap after GC invocations=4 (full 0):
 garbage-first heap   total 262144K, used 25251K [0x00000000e0000000, 0x0000000100000000)
  region size 1024K, 14 young (14336K), 14 survivors (14336K)
 Metaspace       used 21142K, committed 21504K, reserved 393216K
  class space    used 3063K, committed 3264K, reserved 327680K
}
Event: 4.607 GC heap before
{Heap before GC invocations=5 (full 0):
 garbage-first heap   total 262144K, used 144035K [0x00000000e0000000, 0x0000000100000000)
  region size 1024K, 127 young (130048K), 14 survivors (14336K)
 Metaspace       used 35571K, committed 35968K, reserved 393216K
  class space    used 4937K, committed 5120K, reserved 327680K
}
Event: 4.614 GC heap after
{Heap after GC invocations=6 (full 0):
 garbage-first heap   total 262144K, used 33759K [0x00000000e0000000, 0x0000000100000000)
  region size 1024K, 19 young (19456K), 19 survivors (19456K)
 Metaspace       used 35571K, committed 35968K, reserved 393216K
  class space    used 4937K, committed 5120K, reserved 327680K
}
Event: 6.707 GC heap before
{Heap before GC invocations=7 (full 0):
 garbage-first heap   total 262144K, used 171999K [0x00000000e0000000, 0x0000000100000000)
  region size 1024K, 153 young (156672K), 19 survivors (19456K)
 Metaspace       used 48454K, committed 48960K, reserved 393216K
  class space    used 6943K, committed 7168K, reserved 327680K
}
Event: 6.714 GC heap after
{Heap after GC invocations=8 (full 0):
 garbage-first heap   total 262144K, used 39431K [0x00000000e0000000, 0x0000000100000000)
  region size 1024K, 15 young (15360K), 15 survivors (15360K)
 Metaspace       used 48454K, committed 48960K, reserved 393216K
  class space    used 6943K, committed 7168K, reserved 327680K
}
Event: 7.972 GC heap before
{Heap before GC invocations=8 (full 0):
 garbage-first heap   total 262144K, used 179719K [0x00000000e0000000, 0x0000000100000000)
  region size 1024K, 153 young (156672K), 15 survivors (15360K)
 Metaspace       used 54435K, committed 55040K, reserved 393216K
  class space    used 7662K, committed 7936K, reserved 327680K
}
Event: 7.978 GC heap after
{Heap after GC invocations=9 (full 0):
 garbage-first heap   total 262144K, used 52336K [0x00000000e0000000, 0x0000000100000000)
  region size 1024K, 19 young (19456K), 19 survivors (19456K)
 Metaspace       used 54435K, committed 55040K, reserved 393216K
  class space    used 7662K, committed 7936K, reserved 327680K
}
Event: 27.006 GC heap before
{Heap before GC invocations=9 (full 0):
 garbage-first heap   total 262144K, used 188528K [0x00000000e0000000, 0x0000000100000000)
  region size 1024K, 153 young (156672K), 19 survivors (19456K)
 Metaspace       used 57973K, committed 58624K, reserved 393216K
  class space    used 8131K, committed 8448K, reserved 327680K
}
Event: 27.013 GC heap after
{Heap after GC invocations=10 (full 0):
 garbage-first heap   total 262144K, used 58545K [0x00000000e0000000, 0x0000000100000000)
  region size 1024K, 10 young (10240K), 10 survivors (10240K)
 Metaspace       used 57973K, committed 58624K, reserved 393216K
  class space    used 8131K, committed 8448K, reserved 327680K
}
Event: 33.322 GC heap before
{Heap before GC invocations=10 (full 0):
 garbage-first heap   total 262144K, used 203953K [0x00000000e0000000, 0x0000000100000000)
  region size 1024K, 152 young (155648K), 10 survivors (10240K)
 Metaspace       used 58862K, committed 59584K, reserved 393216K
  class space    used 8171K, committed 8512K, reserved 327680K
}
Event: 33.326 GC heap after
{Heap after GC invocations=11 (full 0):
 garbage-first heap   total 262144K, used 60712K [0x00000000e0000000, 0x0000000100000000)
  region size 1024K, 12 young (12288K), 12 survivors (12288K)
 Metaspace       used 58862K, committed 59584K, reserved 393216K
  class space    used 8171K, committed 8512K, reserved 327680K
}
Event: 37.336 GC heap before
{Heap before GC invocations=11 (full 0):
 garbage-first heap   total 262144K, used 202024K [0x00000000e0000000, 0x0000000100000000)
  region size 1024K, 152 young (155648K), 12 survivors (12288K)
 Metaspace       used 59392K, committed 60096K, reserved 393216K
  class space    used 8177K, committed 8512K, reserved 327680K
}
Event: 37.340 GC heap after
{Heap after GC invocations=12 (full 0):
 garbage-first heap   total 262144K, used 63467K [0x00000000e0000000, 0x0000000100000000)
  region size 1024K, 11 young (11264K), 11 survivors (11264K)
 Metaspace       used 59392K, committed 60096K, reserved 393216K
  class space    used 8177K, committed 8512K, reserved 327680K
}

