# JRE version: Java(TM) SE Runtime Environment (17.0.11+7) (build 17.0.11+7-LTS-207)
# Java VM: Java HotSpot(TM) 64-Bit Server VM (17.0.11+7-LTS-207, mixed mode, sharing, tiered, compressed oops, compressed class ptrs, g1 gc, windows-amd64)
GC Precious Log:
 CPUs: 24 total, 24 available
 Memory: 16060M
 Large Page Support: Disabled
 NUMA Support: Disabled
 Compressed Oops: Enabled (32-bit)
 Heap Region Size: 1M
 Heap Min Capacity: 256M
 Heap Initial Capacity: 256M
 Heap Max Capacity: 512M
 Pre-touch: Disabled
 Parallel Workers: 18
 Concurrent Workers: 5
 Concurrent Refinement Workers: 18
 Periodic GC: Disabled
Heap:
 garbage-first heap   total 343040K, used 142571K [0x00000000e0000000, 0x0000000100000000)
  region size 1024K, 58 young (59392K), 9 survivors (9216K)
 Metaspace       used 90927K, committed 92288K, reserved 458752K
  class space    used 11491K, committed 12160K, reserved 327680K
GC Heap History (20 events):
Event: 28236.599 GC heap before
{Heap before GC invocations=231 (full 0):
 garbage-first heap   total 343040K, used 289273K [0x00000000e0000000, 0x0000000100000000)
  region size 1024K, 200 young (204800K), 1 survivors (1024K)
 Metaspace       used 90715K, committed 92096K, reserved 458752K
  class space    used 11455K, committed 12160K, reserved 327680K
}
Event: 28236.601 GC heap after
{Heap after GC invocations=232 (full 0):
 garbage-first heap   total 343040K, used 89543K [0x00000000e0000000, 0x0000000100000000)
  region size 1024K, 4 young (4096K), 4 survivors (4096K)
 Metaspace       used 90715K, committed 92096K, reserved 458752K
  class space    used 11455K, committed 12160K, reserved 327680K
}
Event: 28237.650 GC heap before
{Heap before GC invocations=232 (full 0):
 garbage-first heap   total 343040K, used 290247K [0x00000000e0000000, 0x0000000100000000)
  region size 1024K, 201 young (205824K), 4 survivors (4096K)
 Metaspace       used 90715K, committed 92096K, reserved 458752K
  class space    used 11455K, committed 12160K, reserved 327680K
}
Event: 28237.653 GC heap after
{Heap after GC invocations=233 (full 0):
 garbage-first heap   total 343040K, used 93784K [0x00000000e0000000, 0x0000000100000000)
  region size 1024K, 9 young (9216K), 9 survivors (9216K)
 Metaspace       used 90715K, committed 92096K, reserved 458752K
  class space    used 11455K, committed 12160K, reserved 327680K
}
Event: 28260.869 GC heap before
{Heap before GC invocations=233 (full 0):
 garbage-first heap   total 343040K, used 286296K [0x00000000e0000000, 0x0000000100000000)
  region size 1024K, 198 young (202752K), 9 survivors (9216K)
 Metaspace       used 90715K, committed 92096K, reserved 458752K
  class space    used 11455K, committed 12160K, reserved 327680K
}
Event: 28260.872 GC heap after
{Heap after GC invocations=234 (full 0):
 garbage-first heap   total 343040K, used 93997K [0x00000000e0000000, 0x0000000100000000)
  region size 1024K, 9 young (9216K), 9 survivors (9216K)
 Metaspace       used 90715K, committed 92096K, reserved 458752K
  class space    used 11455K, committed 12160K, reserved 327680K
}
Event: 28270.445 GC heap before
{Heap before GC invocations=234 (full 0):
 garbage-first heap   total 343040K, used 286509K [0x00000000e0000000, 0x0000000100000000)
  region size 1024K, 197 young (201728K), 9 survivors (9216K)
 Metaspace       used 90715K, committed 92096K, reserved 458752K
  class space    used 11455K, committed 12160K, reserved 327680K
}
Event: 28270.447 GC heap after
{Heap after GC invocations=235 (full 0):
 garbage-first heap   total 343040K, used 90704K [0x00000000e0000000, 0x0000000100000000)
  region size 1024K, 5 young (5120K), 5 survivors (5120K)
 Metaspace       used 90715K, committed 92096K, reserved 458752K
  class space    used 11455K, committed 12160K, reserved 327680K
}
Event: 28366.431 GC heap before
{Heap before GC invocations=235 (full 0):
 garbage-first heap   total 343040K, used 288336K [0x00000000e0000000, 0x0000000100000000)
  region size 1024K, 199 young (203776K), 5 survivors (5120K)
 Metaspace       used 90715K, committed 92096K, reserved 458752K
  class space    used 11455K, committed 12160K, reserved 327680K
}
Event: 28366.433 GC heap after
{Heap after GC invocations=236 (full 0):
 garbage-first heap   total 343040K, used 88078K [0x00000000e0000000, 0x0000000100000000)
  region size 1024K, 3 young (3072K), 3 survivors (3072K)
 Metaspace       used 90715K, committed 92096K, reserved 458752K
  class space    used 11455K, committed 12160K, reserved 327680K
}
Event: 28370.781 GC heap before
{Heap before GC invocations=236 (full 0):
 garbage-first heap   total 343040K, used 290830K [0x00000000e0000000, 0x0000000100000000)
  region size 1024K, 201 young (205824K), 3 survivors (3072K)
 Metaspace       used 90718K, committed 92096K, reserved 458752K
  class space    used 11455K, committed 12160K, reserved 327680K
}
Event: 28370.784 GC heap after
{Heap after GC invocations=237 (full 0):
 garbage-first heap   total 343040K, used 96225K [0x00000000e0000000, 0x0000000100000000)
  region size 1024K, 11 young (11264K), 11 survivors (11264K)
 Metaspace       used 90718K, committed 92096K, reserved 458752K
  class space    used 11455K, committed 12160K, reserved 327680K
}
Event: 28393.396 GC heap before
{Heap before GC invocations=237 (full 0):
 garbage-first heap   total 343040K, used 286689K [0x00000000e0000000, 0x0000000100000000)
  region size 1024K, 197 young (201728K), 11 survivors (11264K)
 Metaspace       used 90718K, committed 92096K, reserved 458752K
  class space    used 11455K, committed 12160K, reserved 327680K
}
Event: 28393.399 GC heap after
{Heap after GC invocations=238 (full 0):
 garbage-first heap   total 343040K, used 92832K [0x00000000e0000000, 0x0000000100000000)
  region size 1024K, 7 young (7168K), 7 survivors (7168K)
 Metaspace       used 90718K, committed 92096K, reserved 458752K
  class space    used 11455K, committed 12160K, reserved 327680K
}
Event: 28505.184 GC heap before
{Heap before GC invocations=238 (full 0):
 garbage-first heap   total 343040K, used 286368K [0x00000000e0000000, 0x0000000100000000)
  region size 1024K, 197 young (201728K), 7 survivors (7168K)
 Metaspace       used 90718K, committed 92096K, reserved 458752K
  class space    used 11455K, committed 12160K, reserved 327680K
}
Event: 28505.187 GC heap after
{Heap after GC invocations=239 (full 0):
 garbage-first heap   total 343040K, used 90810K [0x00000000e0000000, 0x0000000100000000)
  region size 1024K, 5 young (5120K), 5 survivors (5120K)
 Metaspace       used 90718K, committed 92096K, reserved 458752K
  class space    used 11455K, committed 12160K, reserved 327680K
}
Event: 28507.726 GC heap before
{Heap before GC invocations=239 (full 0):
 garbage-first heap   total 343040K, used 288442K [0x00000000e0000000, 0x0000000100000000)
  region size 1024K, 199 young (203776K), 5 survivors (5120K)
 Metaspace       used 90718K, committed 92096K, reserved 458752K
  class space    used 11455K, committed 12160K, reserved 327680K
}
Event: 28507.730 GC heap after
{Heap after GC invocations=240 (full 0):
 garbage-first heap   total 343040K, used 93235K [0x00000000e0000000, 0x0000000100000000)
  region size 1024K, 8 young (8192K), 8 survivors (8192K)
 Metaspace       used 90718K, committed 92096K, reserved 458752K
  class space    used 11455K, committed 12160K, reserved 327680K
}
Event: 28590.129 GC heap before
{Heap before GC invocations=240 (full 0):
 garbage-first heap   total 343040K, used 285747K [0x00000000e0000000, 0x0000000100000000)
  region size 1024K, 197 young (201728K), 8 survivors (8192K)
 Metaspace       used 90720K, committed 92096K, reserved 458752K
  class space    used 11455K, committed 12160K, reserved 327680K
}
Event: 28590.133 GC heap after
{Heap after GC invocations=241 (full 0):
 garbage-first heap   total 343040K, used 94443K [0x00000000e0000000, 0x0000000100000000)
  region size 1024K, 9 young (9216K), 9 survivors (9216K)
 Metaspace       used 90720K, committed 92096K, reserved 458752K
  class space    used 11455K, committed 12160K, reserved 327680K
}

