# JRE version: Java(TM) SE Runtime Environment (17.0.11+7) (build 17.0.11+7-LTS-207)
# Java VM: Java HotSpot(TM) 64-Bit Server VM (17.0.11+7-LTS-207, mixed mode, sharing, tiered, compressed oops, compressed class ptrs, g1 gc, windows-amd64)
GC Precious Log:
 CPUs: 24 total, 24 available
 Memory: 16060M
 Large Page Support: Disabled
 NUMA Support: Disabled
 Compressed Oops: Enabled (32-bit)
 Heap Region Size: 1M
 Heap Min Capacity: 256M
 Heap Initial Capacity: 256M
 Heap Max Capacity: 512M
 Pre-touch: Disabled
 Parallel Workers: 18
 Concurrent Workers: 5
 Concurrent Refinement Workers: 18
 Periodic GC: Disabled
Heap:
 garbage-first heap   total 262144K, used 90035K [0x00000000e0000000, 0x0000000100000000)
  region size 1024K, 74 young (75776K), 19 survivors (19456K)
 Metaspace       used 41748K, committed 42176K, reserved 393216K
  class space    used 5823K, committed 6016K, reserved 327680K
GC Heap History (10 events):
Event: 0.208 GC heap before
{Heap before GC invocations=0 (full 0):
 garbage-first heap   total 262144K, used 23552K [0x00000000e0000000, 0x0000000100000000)
  region size 1024K, 23 young (23552K), 0 survivors (0K)
 Metaspace       used 1135K, committed 1280K, reserved 393216K
  class space    used 77K, committed 128K, reserved 327680K
}
Event: 0.210 GC heap after
{Heap after GC invocations=1 (full 0):
 garbage-first heap   total 262144K, used 4041K [0x00000000e0000000, 0x0000000100000000)
  region size 1024K, 3 young (3072K), 3 survivors (3072K)
 Metaspace       used 1135K, committed 1280K, reserved 393216K
  class space    used 77K, committed 128K, reserved 327680K
}
Event: 0.494 GC heap before
{Heap before GC invocations=1 (full 0):
 garbage-first heap   total 262144K, used 39881K [0x00000000e0000000, 0x0000000100000000)
  region size 1024K, 34 young (34816K), 3 survivors (3072K)
 Metaspace       used 4473K, committed 4672K, reserved 393216K
  class space    used 547K, committed 640K, reserved 327680K
}
Event: 0.496 GC heap after
{Heap after GC invocations=2 (full 0):
 garbage-first heap   total 262144K, used 12398K [0x00000000e0000000, 0x0000000100000000)
  region size 1024K, 4 young (4096K), 4 survivors (4096K)
 Metaspace       used 4473K, committed 4672K, reserved 393216K
  class space    used 547K, committed 640K, reserved 327680K
}
Event: 0.875 GC heap before
{Heap before GC invocations=2 (full 0):
 garbage-first heap   total 262144K, used 74862K [0x00000000e0000000, 0x0000000100000000)
  region size 1024K, 63 young (64512K), 4 survivors (4096K)
 Metaspace       used 8052K, committed 8320K, reserved 393216K
  class space    used 1075K, committed 1216K, reserved 327680K
}
Event: 0.878 GC heap after
{Heap after GC invocations=3 (full 0):
 garbage-first heap   total 262144K, used 19627K [0x00000000e0000000, 0x0000000100000000)
  region size 1024K, 8 young (8192K), 8 survivors (8192K)
 Metaspace       used 8052K, committed 8320K, reserved 393216K
  class space    used 1075K, committed 1216K, reserved 327680K
}
Event: 1.653 GC heap before
{Heap before GC invocations=3 (full 0):
 garbage-first heap   total 262144K, used 109739K [0x00000000e0000000, 0x0000000100000000)
  region size 1024K, 97 young (99328K), 8 survivors (8192K)
 Metaspace       used 21117K, committed 21504K, reserved 393216K
  class space    used 3061K, committed 3264K, reserved 327680K
}
Event: 1.658 GC heap after
{Heap after GC invocations=4 (full 0):
 garbage-first heap   total 262144K, used 25163K [0x00000000e0000000, 0x0000000100000000)
  region size 1024K, 14 young (14336K), 14 survivors (14336K)
 Metaspace       used 21117K, committed 21504K, reserved 393216K
  class space    used 3061K, committed 3264K, reserved 327680K
}
Event: 2.582 GC heap before
{Heap before GC invocations=5 (full 0):
 garbage-first heap   total 262144K, used 143947K [0x00000000e0000000, 0x0000000100000000)
  region size 1024K, 127 young (130048K), 14 survivors (14336K)
 Metaspace       used 35551K, committed 35968K, reserved 393216K
  class space    used 4933K, committed 5120K, reserved 327680K
}
Event: 2.588 GC heap after
{Heap after GC invocations=6 (full 0):
 garbage-first heap   total 262144K, used 33715K [0x00000000e0000000, 0x0000000100000000)
  region size 1024K, 19 young (19456K), 19 survivors (19456K)
 Metaspace       used 35551K, committed 35968K, reserved 393216K
  class space    used 4933K, committed 5120K, reserved 327680K
}

